nohup: ignoring input
[2025-02-19 19:57:26 +0000] [243081] [INFO] Starting gunicorn 23.0.0
[2025-02-19 19:57:26 +0000] [243081] [ERROR] Invalid address: ('34.13.195.239', 5000)
[2025-02-19 19:57:26 +0000] [243081] [ERROR] connection to ('34.13.195.239', 5000) failed: [Errno 99] Cannot assign requested address
[2025-02-19 19:57:27 +0000] [243081] [ERROR] Invalid address: ('34.13.195.239', 5000)
[2025-02-19 19:57:27 +0000] [243081] [ERROR] connection to ('34.13.195.239', 5000) failed: [Errno 99] Cannot assign requested address
[2025-02-19 19[2025-02-19 21:40:56 +0000] [242204] [INFO] Handling signal: hup
[2025-02-19 21:40:56 +0000] [242204] [INFO] Hang up: Master
[2025-02-19 21:40:56 +0000] [242204] [ERROR] Worker (pid:242206) was sent SIGHUP!
[2025-02-19 21:40:56 +0000] [242204] [ERROR] Worker (pid:242207) was sent SIGHUP!
[2025-02-19 21:40:56 +0000] [242204] [ERROR] Worker (pid:242208) was sent SIGHUP!
[2025-02-19 21:40:56 +0000] [242204] [ERROR] Worker (pid:242209) was sent SIGHUP!
[2025-02-19 21:40:56 +0000] [245277] [INFO] Booting worker with pid: 245277
[2025-02-19 21:40:56 +0000] [245278] [INFO] Booting worker with pid: 245278
[2025-02-19 21:40:56 +0000] [245279] [INFO] Booting worker with pid: 245279
[2025-02-19 21:40:56 +0000] [245280] [INFO] Booting worker with pid: 245280
Running the mlflow server failed. Please see the logs above for details.
[2025-02-19 21:55:13 +0000] [245278] [INFO] Parent changed, shutting down: <Worker 245278>
[2025-02-19 21:55:13 +0000] [245279] [INFO] Parent changed, shutting down: <Worker 245279>
[2025-02-19 21:55:13 +0000] [245278] [INFO] Worker exiting (pid: 245278)
[2025-02-19 21:55:13 +0000] [245279] [INFO] Worker exiting (pid: 245279)
[2025-02-19 21:55:13 +0000] [245280] [INFO] Parent changed, shutting down: <Worker 245280>
[2025-02-19 21:55:13 +0000] [245280] [INFO] Worker exiting (pid: 245280)
[2025-02-19 21:55:13 +0000] [245277] [INFO] Parent changed, shutting down: <Worker 245277>
[2025-02-19 21:55:13 +0000] [245277] [INFO] Worker exiting (pid: 245277)
